SF:lib/main.dart
DA:6,0
DA:7,0
DA:11,1
DA:14,0
DA:16,0
DA:18,0
DA:21,0
DA:22,0
DA:23,0
LF:9
LH:1
end_of_record
SF:lib/Components/logoname.dart
DA:4,1
DA:6,0
LF:2
LH:1
end_of_record
SF:lib/Components/textfield.dart
DA:12,0
DA:19,0
DA:21,0
DA:23,0
DA:24,0
DA:25,0
DA:26,0
DA:30,0
DA:31,0
DA:33,0
DA:35,0
DA:36,0
LF:12
LH:0
end_of_record
SF:lib/login.dart
DA:10,0
DA:18,0
DA:20,0
DA:22,0
DA:24,0
DA:25,0
DA:26,0
DA:29,0
DA:34,0
DA:37,0
DA:39,0
DA:40,0
DA:43,0
DA:46,0
DA:47,0
DA:49,0
DA:50,0
DA:58,0
DA:59,0
DA:85,0
DA:86,0
DA:87,0
DA:90,0
DA:93,0
DA:111,0
DA:113,0
DA:121,0
DA:122,0
DA:123,0
LF:29
LH:0
end_of_record
SF:lib/signup.dart
DA:7,0
DA:16,0
DA:18,0
DA:20,0
DA:22,0
DA:23,0
DA:24,0
DA:27,0
DA:32,0
DA:35,0
DA:37,0
DA:38,0
DA:41,0
DA:44,0
DA:45,0
DA:47,0
DA:48,0
DA:56,0
DA:57,0
DA:66,0
DA:67,0
DA:76,0
DA:77,0
DA:78,0
DA:81,0
DA:84,0
DA:102,0
DA:104,0
DA:113,0
DA:114,0
DA:115,0
LF:31
LH:0
end_of_record
